<?xml version="1.0" encoding="UTF-8"?>
<!-- Generated by org.testng.reporters.JUnitReportReporter -->
<testsuite hostname="DESKTOP-BOJE1DC" name="LoginTest" tests="1" failures="0" timestamp="31 Jan 2021 14:56:11 GMT" time="6.660" errors="0">
  <testcase name="loginTest" time="6.660" classname="LoginTest"/>
</testsuite>
